<?xml version="1.0" encoding="UTF-8"?>
<!-- Generated by org.testng.reporters.JUnitReportReporter -->
<testsuite hostname="DESKTOP-U6JMEV3" name="com.jlxy.lzz.WebTour" tests="1" failures="0" timestamp="5 Jun 2019 06:02:45 GMT" time="18.235" errors="0">
  <testcase name="f" time="18.235" classname="com.jlxy.lzz.WebTour"/>
</testsuite> <!-- com.jlxy.lzz.WebTour -->
